ARM GAS  /var/folders/nz/lk2khtl937q3j40rqk3hbqdc0000gq/T//ccLUMtVY.s 			page 1


   1              		.syntax unified
   2              		.cpu cortex-m3
   3              		.fpu softvfp
   4              		.eabi_attribute 20, 1
   5              		.eabi_attribute 21, 1
   6              		.eabi_attribute 23, 3
   7              		.eabi_attribute 24, 1
   8              		.eabi_attribute 25, 1
   9              		.eabi_attribute 26, 1
  10              		.eabi_attribute 30, 2
  11              		.eabi_attribute 34, 1
  12              		.eabi_attribute 18, 4
  13              		.thumb
  14              		.syntax unified
  15              		.file	"chdebug.c"
  16              		.text
  17              	.Ltext0:
  18              		.cfi_sections	.debug_frame
  19              	.Letext0:
  20              		.section	.debug_info,"",%progbits
  21              	.Ldebug_info0:
  22 0000 7C000000 		.4byte	0x7c
  23 0004 0400     		.2byte	0x4
  24 0006 00000000 		.4byte	.Ldebug_abbrev0
  25 000a 04       		.byte	0x4
  26 000b 01       		.uleb128 0x1
  27 000c 52000000 		.4byte	.LASF13
  28 0010 0C       		.byte	0xc
  29 0011 40010000 		.4byte	.LASF14
  30 0015 98010000 		.4byte	.LASF15
  31 0019 00000000 		.4byte	.Ldebug_line0
  32 001d 02       		.uleb128 0x2
  33 001e 04       		.byte	0x4
  34 001f 05       		.byte	0x5
  35 0020 696E7400 		.ascii	"int\000"
  36 0024 03       		.uleb128 0x3
  37 0025 04       		.byte	0x4
  38 0026 07       		.byte	0x7
  39 0027 0E000000 		.4byte	.LASF0
  40 002b 03       		.uleb128 0x3
  41 002c 08       		.byte	0x8
  42 002d 05       		.byte	0x5
  43 002e 00000000 		.4byte	.LASF1
  44 0032 03       		.uleb128 0x3
  45 0033 08       		.byte	0x8
  46 0034 04       		.byte	0x4
  47 0035 82010000 		.4byte	.LASF2
  48 0039 03       		.uleb128 0x3
  49 003a 01       		.byte	0x1
  50 003b 06       		.byte	0x6
  51 003c 76010000 		.4byte	.LASF3
  52 0040 03       		.uleb128 0x3
  53 0041 01       		.byte	0x1
  54 0042 08       		.byte	0x8
  55 0043 1B000000 		.4byte	.LASF4
  56 0047 03       		.uleb128 0x3
  57 0048 02       		.byte	0x2
ARM GAS  /var/folders/nz/lk2khtl937q3j40rqk3hbqdc0000gq/T//ccLUMtVY.s 			page 2


  58 0049 05       		.byte	0x5
  59 004a 8E010000 		.4byte	.LASF5
  60 004e 03       		.uleb128 0x3
  61 004f 02       		.byte	0x2
  62 0050 07       		.byte	0x7
  63 0051 63010000 		.4byte	.LASF6
  64 0055 03       		.uleb128 0x3
  65 0056 04       		.byte	0x4
  66 0057 05       		.byte	0x5
  67 0058 37010000 		.4byte	.LASF7
  68 005c 03       		.uleb128 0x3
  69 005d 04       		.byte	0x4
  70 005e 07       		.byte	0x7
  71 005f 29000000 		.4byte	.LASF8
  72 0063 03       		.uleb128 0x3
  73 0064 08       		.byte	0x8
  74 0065 07       		.byte	0x7
  75 0066 3B000000 		.4byte	.LASF9
  76 006a 03       		.uleb128 0x3
  77 006b 01       		.byte	0x1
  78 006c 02       		.byte	0x2
  79 006d 2C010000 		.4byte	.LASF10
  80 0071 03       		.uleb128 0x3
  81 0072 04       		.byte	0x4
  82 0073 07       		.byte	0x7
  83 0074 BD010000 		.4byte	.LASF11
  84 0078 03       		.uleb128 0x3
  85 0079 01       		.byte	0x1
  86 007a 08       		.byte	0x8
  87 007b 32010000 		.4byte	.LASF12
  88 007f 00       		.byte	0
  89              		.section	.debug_abbrev,"",%progbits
  90              	.Ldebug_abbrev0:
  91 0000 01       		.uleb128 0x1
  92 0001 11       		.uleb128 0x11
  93 0002 01       		.byte	0x1
  94 0003 25       		.uleb128 0x25
  95 0004 0E       		.uleb128 0xe
  96 0005 13       		.uleb128 0x13
  97 0006 0B       		.uleb128 0xb
  98 0007 03       		.uleb128 0x3
  99 0008 0E       		.uleb128 0xe
 100 0009 1B       		.uleb128 0x1b
 101 000a 0E       		.uleb128 0xe
 102 000b 10       		.uleb128 0x10
 103 000c 17       		.uleb128 0x17
 104 000d 00       		.byte	0
 105 000e 00       		.byte	0
 106 000f 02       		.uleb128 0x2
 107 0010 24       		.uleb128 0x24
 108 0011 00       		.byte	0
 109 0012 0B       		.uleb128 0xb
 110 0013 0B       		.uleb128 0xb
 111 0014 3E       		.uleb128 0x3e
 112 0015 0B       		.uleb128 0xb
 113 0016 03       		.uleb128 0x3
 114 0017 08       		.uleb128 0x8
ARM GAS  /var/folders/nz/lk2khtl937q3j40rqk3hbqdc0000gq/T//ccLUMtVY.s 			page 3


 115 0018 00       		.byte	0
 116 0019 00       		.byte	0
 117 001a 03       		.uleb128 0x3
 118 001b 24       		.uleb128 0x24
 119 001c 00       		.byte	0
 120 001d 0B       		.uleb128 0xb
 121 001e 0B       		.uleb128 0xb
 122 001f 3E       		.uleb128 0x3e
 123 0020 0B       		.uleb128 0xb
 124 0021 03       		.uleb128 0x3
 125 0022 0E       		.uleb128 0xe
 126 0023 00       		.byte	0
 127 0024 00       		.byte	0
 128 0025 00       		.byte	0
 129              		.section	.debug_aranges,"",%progbits
 130 0000 14000000 		.4byte	0x14
 131 0004 0200     		.2byte	0x2
 132 0006 00000000 		.4byte	.Ldebug_info0
 133 000a 04       		.byte	0x4
 134 000b 00       		.byte	0
 135 000c 0000     		.2byte	0
 136 000e 0000     		.2byte	0
 137 0010 00000000 		.4byte	0
 138 0014 00000000 		.4byte	0
 139              		.section	.debug_line,"",%progbits
 140              	.Ldebug_line0:
 141 0000 19000000 		.section	.debug_str,"MS",%progbits,1
 141      02001300 
 141      00000201 
 141      FB0E0D00 
 141      01010101 
 142              	.LASF1:
 143 0000 6C6F6E67 		.ascii	"long long int\000"
 143      206C6F6E 
 143      6720696E 
 143      7400
 144              	.LASF0:
 145 000e 756E7369 		.ascii	"unsigned int\000"
 145      676E6564 
 145      20696E74 
 145      00
 146              	.LASF4:
 147 001b 756E7369 		.ascii	"unsigned char\000"
 147      676E6564 
 147      20636861 
 147      7200
 148              	.LASF8:
 149 0029 6C6F6E67 		.ascii	"long unsigned int\000"
 149      20756E73 
 149      69676E65 
 149      6420696E 
 149      7400
 150              	.LASF9:
 151 003b 6C6F6E67 		.ascii	"long long unsigned int\000"
 151      206C6F6E 
 151      6720756E 
 151      7369676E 
ARM GAS  /var/folders/nz/lk2khtl937q3j40rqk3hbqdc0000gq/T//ccLUMtVY.s 			page 4


 151      65642069 
 152              	.LASF13:
 153 0052 474E5520 		.ascii	"GNU C11 5.4.1 20160919 (release) [ARM/embedded-5-br"
 153      43313120 
 153      352E342E 
 153      31203230 
 153      31363039 
 154 0085 616E6368 		.ascii	"anch revision 240496] -mcpu=cortex-m3 -mno-thumb-in"
 154      20726576 
 154      6973696F 
 154      6E203234 
 154      30343936 
 155 00b8 74657277 		.ascii	"terwork -mthumb -ggdb -O2 -fomit-frame-pointer -fal"
 155      6F726B20 
 155      2D6D7468 
 155      756D6220 
 155      2D676764 
 156 00eb 69676E2D 		.ascii	"ign-functions=16 -ffunction-sections -fdata-section"
 156      66756E63 
 156      74696F6E 
 156      733D3136 
 156      202D6666 
 157 011e 73202D66 		.ascii	"s -fno-common\000"
 157      6E6F2D63 
 157      6F6D6D6F 
 157      6E00
 158              	.LASF10:
 159 012c 5F426F6F 		.ascii	"_Bool\000"
 159      6C00
 160              	.LASF12:
 161 0132 63686172 		.ascii	"char\000"
 161      00
 162              	.LASF7:
 163 0137 6C6F6E67 		.ascii	"long int\000"
 163      20696E74 
 163      00
 164              	.LASF14:
 165 0140 2E2E2F43 		.ascii	"../ChibiOS/os/kernel/src/chdebug.c\000"
 165      68696269 
 165      4F532F6F 
 165      732F6B65 
 165      726E656C 
 166              	.LASF6:
 167 0163 73686F72 		.ascii	"short unsigned int\000"
 167      7420756E 
 167      7369676E 
 167      65642069 
 167      6E7400
 168              	.LASF3:
 169 0176 7369676E 		.ascii	"signed char\000"
 169      65642063 
 169      68617200 
 170              	.LASF2:
 171 0182 6C6F6E67 		.ascii	"long double\000"
 171      20646F75 
 171      626C6500 
 172              	.LASF5:
ARM GAS  /var/folders/nz/lk2khtl937q3j40rqk3hbqdc0000gq/T//ccLUMtVY.s 			page 5


 173 018e 73686F72 		.ascii	"short int\000"
 173      7420696E 
 173      7400
 174              	.LASF15:
 175 0198 2F557365 		.ascii	"/Users/School/vex/vexilla/recreators\000"
 175      72732F53 
 175      63686F6F 
 175      6C2F7665 
 175      782F7665 
 176              	.LASF11:
 177 01bd 73697A65 		.ascii	"sizetype\000"
 177      74797065 
 177      00
 178              		.ident	"GCC: (GNU Tools for ARM Embedded Processors) 5.4.1 20160919 (release) [ARM/embedded-5-bran
ARM GAS  /var/folders/nz/lk2khtl937q3j40rqk3hbqdc0000gq/T//ccLUMtVY.s 			page 6


DEFINED SYMBOLS
                            *ABS*:0000000000000000 chdebug.c

NO UNDEFINED SYMBOLS
